<?xml version="1.0" encoding="UTF-8"?>
<coverage generated="1749806969121" clover="3.2.0">
  <project timestamp="1749806969121" name="All files">
    <metrics statements="133" coveredstatements="132" conditionals="92" coveredconditionals="91" methods="43" coveredmethods="42" elements="268" coveredelements="265" complexity="0" loc="133" ncloc="133" packages="2" files="8" classes="8"/>
    <package name="src">
      <metrics statements="8" coveredstatements="8" conditionals="0" coveredconditionals="0" methods="0" coveredmethods="0"/>
      <file name="schema.ts" path="D:\Projects\AI\task8\src\schema.ts">
        <metrics statements="8" coveredstatements="8" conditionals="0" coveredconditionals="0" methods="0" coveredmethods="0"/>
        <line num="1" count="5" type="stmt"/>
        <line num="2" count="5" type="stmt"/>
        <line num="3" count="5" type="stmt"/>
        <line num="4" count="5" type="stmt"/>
        <line num="5" count="5" type="stmt"/>
        <line num="6" count="5" type="stmt"/>
        <line num="8" count="5" type="stmt"/>
        <line num="17" count="5" type="stmt"/>
      </file>
    </package>
    <package name="src.validators">
      <metrics statements="125" coveredstatements="124" conditionals="92" coveredconditionals="91" methods="43" coveredmethods="42"/>
      <file name="array.ts" path="D:\Projects\AI\task8\src\validators\array.ts">
        <metrics statements="19" coveredstatements="19" conditionals="12" coveredconditionals="12" methods="7" coveredmethods="7"/>
        <line num="3" count="7" type="stmt"/>
        <line num="4" count="11" type="stmt"/>
        <line num="9" count="11" type="stmt"/>
        <line num="13" count="1" type="stmt"/>
        <line num="14" count="1" type="stmt"/>
        <line num="18" count="1" type="stmt"/>
        <line num="19" count="1" type="stmt"/>
        <line num="23" count="20" type="stmt"/>
        <line num="24" count="20" type="cond" truecount="4" falsecount="0"/>
        <line num="25" count="5" type="cond" truecount="3" falsecount="0"/>
        <line num="26" count="15" type="cond" truecount="2" falsecount="0"/>
        <line num="27" count="4" type="cond" truecount="2" falsecount="0"/>
        <line num="29" count="11" type="stmt"/>
        <line num="30" count="22" type="stmt"/>
        <line num="31" count="22" type="cond" truecount="1" falsecount="0"/>
        <line num="32" count="4" type="stmt"/>
        <line num="36" count="20" type="stmt"/>
        <line num="40" count="7" type="stmt"/>
        <line num="41" count="9" type="stmt"/>
      </file>
      <file name="boolean.ts" path="D:\Projects\AI\task8\src\validators\boolean.ts">
        <metrics statements="14" coveredstatements="14" conditionals="10" coveredconditionals="10" methods="5" coveredmethods="5"/>
        <line num="3" count="7" type="stmt"/>
        <line num="4" count="15" type="stmt"/>
        <line num="8" count="2" type="stmt"/>
        <line num="9" count="2" type="stmt"/>
        <line num="13" count="1" type="stmt"/>
        <line num="14" count="1" type="stmt"/>
        <line num="18" count="18" type="stmt"/>
        <line num="19" count="18" type="cond" truecount="4" falsecount="0"/>
        <line num="20" count="5" type="cond" truecount="3" falsecount="0"/>
        <line num="21" count="13" type="cond" truecount="1" falsecount="0"/>
        <line num="22" count="7" type="cond" truecount="2" falsecount="0"/>
        <line num="24" count="18" type="stmt"/>
        <line num="28" count="7" type="stmt"/>
        <line num="29" count="12" type="stmt"/>
      </file>
      <file name="date.ts" path="D:\Projects\AI\task8\src\validators\date.ts">
        <metrics statements="14" coveredstatements="14" conditionals="12" coveredconditionals="12" methods="5" coveredmethods="5"/>
        <line num="3" count="7" type="stmt"/>
        <line num="4" count="19" type="stmt"/>
        <line num="8" count="6" type="stmt"/>
        <line num="9" count="6" type="stmt"/>
        <line num="13" count="3" type="stmt"/>
        <line num="14" count="3" type="stmt"/>
        <line num="18" count="25" type="stmt"/>
        <line num="19" count="25" type="cond" truecount="4" falsecount="0"/>
        <line num="20" count="8" type="cond" truecount="3" falsecount="0"/>
        <line num="21" count="17" type="cond" truecount="3" falsecount="0"/>
        <line num="22" count="10" type="cond" truecount="2" falsecount="0"/>
        <line num="24" count="25" type="stmt"/>
        <line num="28" count="7" type="stmt"/>
        <line num="29" count="19" type="stmt"/>
      </file>
      <file name="number.ts" path="D:\Projects\AI\task8\src\validators\number.ts">
        <metrics statements="27" coveredstatements="27" conditionals="28" coveredconditionals="28" methods="8" coveredmethods="8"/>
        <line num="3" count="7" type="stmt"/>
        <line num="4" count="49" type="stmt"/>
        <line num="7" count="49" type="stmt"/>
        <line num="11" count="5" type="stmt"/>
        <line num="12" count="5" type="stmt"/>
        <line num="16" count="14" type="stmt"/>
        <line num="17" count="14" type="stmt"/>
        <line num="21" count="9" type="stmt"/>
        <line num="22" count="9" type="stmt"/>
        <line num="26" count="6" type="stmt"/>
        <line num="27" count="6" type="stmt"/>
        <line num="31" count="2" type="stmt"/>
        <line num="32" count="2" type="stmt"/>
        <line num="36" count="81" type="stmt"/>
        <line num="37" count="81" type="cond" truecount="4" falsecount="0"/>
        <line num="38" count="11" type="cond" truecount="3" falsecount="0"/>
        <line num="39" count="70" type="cond" truecount="4" falsecount="0"/>
        <line num="40" count="11" type="cond" truecount="2" falsecount="0"/>
        <line num="42" count="59" type="cond" truecount="3" falsecount="0"/>
        <line num="43" count="9" type="cond" truecount="2" falsecount="0"/>
        <line num="45" count="59" type="cond" truecount="3" falsecount="0"/>
        <line num="46" count="6" type="cond" truecount="2" falsecount="0"/>
        <line num="48" count="59" type="cond" truecount="3" falsecount="0"/>
        <line num="49" count="4" type="cond" truecount="2" falsecount="0"/>
        <line num="52" count="81" type="stmt"/>
        <line num="56" count="7" type="stmt"/>
        <line num="57" count="15" type="stmt"/>
      </file>
      <file name="object.ts" path="D:\Projects\AI\task8\src\validators\object.ts">
        <metrics statements="20" coveredstatements="20" conditionals="14" coveredconditionals="13" methods="6" coveredmethods="6"/>
        <line num="5" count="7" type="stmt"/>
        <line num="6" count="17" type="stmt"/>
        <line num="11" count="17" type="stmt"/>
        <line num="15" count="2" type="stmt"/>
        <line num="16" count="2" type="stmt"/>
        <line num="20" count="3" type="stmt"/>
        <line num="21" count="3" type="stmt"/>
        <line num="25" count="29" type="stmt"/>
        <line num="26" count="29" type="cond" truecount="4" falsecount="0"/>
        <line num="27" count="6" type="cond" truecount="2" falsecount="1"/>
        <line num="28" count="23" type="cond" truecount="4" falsecount="0"/>
        <line num="29" count="4" type="cond" truecount="2" falsecount="0"/>
        <line num="31" count="19" type="stmt"/>
        <line num="32" count="32" type="stmt"/>
        <line num="33" count="32" type="stmt"/>
        <line num="34" count="32" type="cond" truecount="1" falsecount="0"/>
        <line num="35" count="14" type="stmt"/>
        <line num="39" count="29" type="stmt"/>
        <line num="43" count="7" type="stmt"/>
        <line num="44" count="15" type="stmt"/>
      </file>
      <file name="schema.ts" path="D:\Projects\AI\task8\src\validators\schema.ts">
        <metrics statements="13" coveredstatements="12" conditionals="0" coveredconditionals="0" methods="6" coveredmethods="5"/>
        <line num="2" count="2" type="stmt"/>
        <line num="3" count="2" type="stmt"/>
        <line num="4" count="2" type="stmt"/>
        <line num="5" count="2" type="stmt"/>
        <line num="6" count="2" type="stmt"/>
        <line num="7" count="2" type="stmt"/>
        <line num="9" count="2" type="stmt"/>
        <line num="10" count="7" type="stmt"/>
        <line num="11" count="34" type="stmt"/>
        <line num="12" count="3" type="stmt"/>
        <line num="13" count="0" type="stmt"/>
        <line num="14" count="2" type="stmt"/>
        <line num="15" count="2" type="stmt"/>
      </file>
      <file name="string.ts" path="D:\Projects\AI\task8\src\validators\string.ts">
        <metrics statements="18" coveredstatements="18" conditionals="16" coveredconditionals="16" methods="6" coveredmethods="6"/>
        <line num="3" count="7" type="stmt"/>
        <line num="4" count="30" type="stmt"/>
        <line num="9" count="2" type="stmt"/>
        <line num="10" count="2" type="stmt"/>
        <line num="14" count="4" type="stmt"/>
        <line num="15" count="4" type="stmt"/>
        <line num="19" count="2" type="stmt"/>
        <line num="20" count="2" type="stmt"/>
        <line num="24" count="39" type="stmt"/>
        <line num="25" count="39" type="cond" truecount="4" falsecount="0"/>
        <line num="26" count="6" type="cond" truecount="3" falsecount="0"/>
        <line num="27" count="33" type="cond" truecount="2" falsecount="0"/>
        <line num="28" count="10" type="cond" truecount="2" falsecount="0"/>
        <line num="30" count="23" type="cond" truecount="3" falsecount="0"/>
        <line num="31" count="3" type="cond" truecount="2" falsecount="0"/>
        <line num="34" count="39" type="stmt"/>
        <line num="38" count="7" type="stmt"/>
        <line num="39" count="23" type="stmt"/>
      </file>
    </package>
  </project>
</coverage>
