{"D:\\Projects\\AI\\task8\\src\\schema.ts": {"path":"D:\\Projects\\AI\\task8\\src\\schema.ts","statementMap":{"0":{"start":{"line":1,"column":0},"end":{"line":1,"column":45}},"1":{"start":{"line":2,"column":0},"end":{"line":2,"column":45}},"2":{"start":{"line":3,"column":0},"end":{"line":3,"column":47}},"3":{"start":{"line":4,"column":0},"end":{"line":4,"column":41}},"4":{"start":{"line":5,"column":0},"end":{"line":5,"column":45}},"5":{"start":{"line":6,"column":0},"end":{"line":6,"column":43}},"6":{"start":{"line":8,"column":13},"end":{"line":15,"column":2}},"7":{"start":{"line":17,"column":0},"end":{"line":17,"column":22}}},"fnMap":{},"branchMap":{},"s":{"0":5,"1":5,"2":5,"3":5,"4":5,"5":5,"6":5,"7":5},"f":{},"b":{}}
,"D:\\Projects\\AI\\task8\\src\\validators\\array.ts": {"path":"D:\\Projects\\AI\\task8\\src\\validators\\array.ts","statementMap":{"0":{"start":{"line":40,"column":0},"end":{"line":40,"column":16}},"1":{"start":{"line":4,"column":10},"end":{"line":4,"column":30}},"2":{"start":{"line":9,"column":4},"end":{"line":9,"column":32}},"3":{"start":{"line":13,"column":4},"end":{"line":13,"column":28}},"4":{"start":{"line":14,"column":4},"end":{"line":14,"column":16}},"5":{"start":{"line":18,"column":4},"end":{"line":18,"column":28}},"6":{"start":{"line":19,"column":4},"end":{"line":19,"column":16}},"7":{"start":{"line":23,"column":29},"end":{"line":23,"column":31}},"8":{"start":{"line":24,"column":4},"end":{"line":35,"column":5}},"9":{"start":{"line":25,"column":6},"end":{"line":25,"column":79}},"10":{"start":{"line":25,"column":29},"end":{"line":25,"column":79}},"11":{"start":{"line":26,"column":11},"end":{"line":35,"column":5}},"12":{"start":{"line":27,"column":6},"end":{"line":27,"column":61}},"13":{"start":{"line":29,"column":6},"end":{"line":34,"column":9}},"14":{"start":{"line":30,"column":23},"end":{"line":30,"column":53}},"15":{"start":{"line":31,"column":8},"end":{"line":33,"column":9}},"16":{"start":{"line":32,"column":10},"end":{"line":32,"column":71}},"17":{"start":{"line":32,"column":48},"end":{"line":32,"column":68}},"18":{"start":{"line":36,"column":4},"end":{"line":36,"column":50}},"19":{"start":{"line":3,"column":0},"end":{"line":3,"column":13}},"20":{"start":{"line":41,"column":2},"end":{"line":41,"column":39}}},"fnMap":{"0":{"name":"(anonymous_0)","decl":{"start":{"line":8,"column":2},"end":{"line":8,"column":14}},"loc":{"start":{"line":8,"column":39},"end":{"line":10,"column":3}}},"1":{"name":"(anonymous_1)","decl":{"start":{"line":12,"column":2},"end":{"line":12,"column":10}},"loc":{"start":{"line":12,"column":10},"end":{"line":15,"column":3}}},"2":{"name":"(anonymous_2)","decl":{"start":{"line":17,"column":2},"end":{"line":17,"column":13}},"loc":{"start":{"line":17,"column":29},"end":{"line":20,"column":3}}},"3":{"name":"(anonymous_3)","decl":{"start":{"line":22,"column":2},"end":{"line":22,"column":10}},"loc":{"start":{"line":22,"column":21},"end":{"line":37,"column":3}}},"4":{"name":"(anonymous_4)","decl":{"start":{"line":29,"column":20},"end":{"line":29,"column":21}},"loc":{"start":{"line":29,"column":34},"end":{"line":34,"column":7}}},"5":{"name":"(anonymous_5)","decl":{"start":{"line":32,"column":43},"end":{"line":32,"column":44}},"loc":{"start":{"line":32,"column":48},"end":{"line":32,"column":68}}},"6":{"name":"array","decl":{"start":{"line":40,"column":16},"end":{"line":40,"column":21}},"loc":{"start":{"line":40,"column":47},"end":{"line":42,"column":1}}}},"branchMap":{"0":{"loc":{"start":{"line":24,"column":4},"end":{"line":35,"column":5}},"type":"if","locations":[{"start":{"line":24,"column":4},"end":{"line":35,"column":5}},{"start":{"line":26,"column":11},"end":{"line":35,"column":5}}]},"1":{"loc":{"start":{"line":24,"column":8},"end":{"line":24,"column":45}},"type":"binary-expr","locations":[{"start":{"line":24,"column":8},"end":{"line":24,"column":27}},{"start":{"line":24,"column":31},"end":{"line":24,"column":45}}]},"2":{"loc":{"start":{"line":25,"column":6},"end":{"line":25,"column":79}},"type":"if","locations":[{"start":{"line":25,"column":6},"end":{"line":25,"column":79}}]},"3":{"loc":{"start":{"line":25,"column":41},"end":{"line":25,"column":77}},"type":"binary-expr","locations":[{"start":{"line":25,"column":41},"end":{"line":25,"column":54}},{"start":{"line":25,"column":58},"end":{"line":25,"column":77}}]},"4":{"loc":{"start":{"line":26,"column":11},"end":{"line":35,"column":5}},"type":"if","locations":[{"start":{"line":26,"column":11},"end":{"line":35,"column":5}},{"start":{"line":28,"column":11},"end":{"line":35,"column":5}}]},"5":{"loc":{"start":{"line":27,"column":18},"end":{"line":27,"column":59}},"type":"binary-expr","locations":[{"start":{"line":27,"column":18},"end":{"line":27,"column":31}},{"start":{"line":27,"column":35},"end":{"line":27,"column":59}}]},"6":{"loc":{"start":{"line":31,"column":8},"end":{"line":33,"column":9}},"type":"if","locations":[{"start":{"line":31,"column":8},"end":{"line":33,"column":9}}]}},"s":{"0":7,"1":11,"2":11,"3":1,"4":1,"5":1,"6":1,"7":20,"8":20,"9":5,"10":3,"11":15,"12":4,"13":11,"14":22,"15":22,"16":4,"17":4,"18":20,"19":7,"20":9},"f":{"0":11,"1":1,"2":1,"3":20,"4":22,"5":4,"6":9},"b":{"0":[5,15],"1":[20,18],"2":[3],"3":[3,2],"4":[4,11],"5":[4,3],"6":[4]}}
,"D:\\Projects\\AI\\task8\\src\\validators\\boolean.ts": {"path":"D:\\Projects\\AI\\task8\\src\\validators\\boolean.ts","statementMap":{"0":{"start":{"line":28,"column":0},"end":{"line":28,"column":16}},"1":{"start":{"line":4,"column":10},"end":{"line":4,"column":30}},"2":{"start":{"line":8,"column":4},"end":{"line":8,"column":28}},"3":{"start":{"line":9,"column":4},"end":{"line":9,"column":16}},"4":{"start":{"line":13,"column":4},"end":{"line":13,"column":28}},"5":{"start":{"line":14,"column":4},"end":{"line":14,"column":16}},"6":{"start":{"line":18,"column":29},"end":{"line":18,"column":31}},"7":{"start":{"line":19,"column":4},"end":{"line":23,"column":5}},"8":{"start":{"line":20,"column":6},"end":{"line":20,"column":79}},"9":{"start":{"line":20,"column":29},"end":{"line":20,"column":79}},"10":{"start":{"line":21,"column":11},"end":{"line":23,"column":5}},"11":{"start":{"line":22,"column":6},"end":{"line":22,"column":62}},"12":{"start":{"line":24,"column":4},"end":{"line":24,"column":50}},"13":{"start":{"line":3,"column":0},"end":{"line":3,"column":13}},"14":{"start":{"line":29,"column":2},"end":{"line":29,"column":32}}},"fnMap":{"0":{"name":"(anonymous_0)","decl":{"start":{"line":3,"column":0},"end":{"line":3,"column":13}},"loc":{"start":{"line":3,"column":0},"end":{"line":26,"column":1}}},"1":{"name":"(anonymous_1)","decl":{"start":{"line":7,"column":2},"end":{"line":7,"column":10}},"loc":{"start":{"line":7,"column":10},"end":{"line":10,"column":3}}},"2":{"name":"(anonymous_2)","decl":{"start":{"line":12,"column":2},"end":{"line":12,"column":13}},"loc":{"start":{"line":12,"column":29},"end":{"line":15,"column":3}}},"3":{"name":"(anonymous_3)","decl":{"start":{"line":17,"column":2},"end":{"line":17,"column":10}},"loc":{"start":{"line":17,"column":21},"end":{"line":25,"column":3}}},"4":{"name":"boolean","decl":{"start":{"line":28,"column":16},"end":{"line":28,"column":23}},"loc":{"start":{"line":28,"column":23},"end":{"line":30,"column":1}}}},"branchMap":{"0":{"loc":{"start":{"line":19,"column":4},"end":{"line":23,"column":5}},"type":"if","locations":[{"start":{"line":19,"column":4},"end":{"line":23,"column":5}},{"start":{"line":21,"column":11},"end":{"line":23,"column":5}}]},"1":{"loc":{"start":{"line":19,"column":8},"end":{"line":19,"column":45}},"type":"binary-expr","locations":[{"start":{"line":19,"column":8},"end":{"line":19,"column":27}},{"start":{"line":19,"column":31},"end":{"line":19,"column":45}}]},"2":{"loc":{"start":{"line":20,"column":6},"end":{"line":20,"column":79}},"type":"if","locations":[{"start":{"line":20,"column":6},"end":{"line":20,"column":79}}]},"3":{"loc":{"start":{"line":20,"column":41},"end":{"line":20,"column":77}},"type":"binary-expr","locations":[{"start":{"line":20,"column":41},"end":{"line":20,"column":54}},{"start":{"line":20,"column":58},"end":{"line":20,"column":77}}]},"4":{"loc":{"start":{"line":21,"column":11},"end":{"line":23,"column":5}},"type":"if","locations":[{"start":{"line":21,"column":11},"end":{"line":23,"column":5}}]},"5":{"loc":{"start":{"line":22,"column":18},"end":{"line":22,"column":60}},"type":"binary-expr","locations":[{"start":{"line":22,"column":18},"end":{"line":22,"column":31}},{"start":{"line":22,"column":35},"end":{"line":22,"column":60}}]}},"s":{"0":7,"1":15,"2":2,"3":2,"4":1,"5":1,"6":18,"7":18,"8":5,"9":3,"10":13,"11":7,"12":18,"13":7,"14":12},"f":{"0":15,"1":2,"2":1,"3":18,"4":12},"b":{"0":[5,13],"1":[18,16],"2":[3],"3":[3,2],"4":[7],"5":[7,6]}}
,"D:\\Projects\\AI\\task8\\src\\validators\\date.ts": {"path":"D:\\Projects\\AI\\task8\\src\\validators\\date.ts","statementMap":{"0":{"start":{"line":28,"column":0},"end":{"line":28,"column":16}},"1":{"start":{"line":4,"column":10},"end":{"line":4,"column":30}},"2":{"start":{"line":8,"column":4},"end":{"line":8,"column":28}},"3":{"start":{"line":9,"column":4},"end":{"line":9,"column":16}},"4":{"start":{"line":13,"column":4},"end":{"line":13,"column":28}},"5":{"start":{"line":14,"column":4},"end":{"line":14,"column":16}},"6":{"start":{"line":18,"column":29},"end":{"line":18,"column":31}},"7":{"start":{"line":19,"column":4},"end":{"line":23,"column":5}},"8":{"start":{"line":20,"column":6},"end":{"line":20,"column":79}},"9":{"start":{"line":20,"column":29},"end":{"line":20,"column":79}},"10":{"start":{"line":21,"column":11},"end":{"line":23,"column":5}},"11":{"start":{"line":22,"column":6},"end":{"line":22,"column":65}},"12":{"start":{"line":24,"column":4},"end":{"line":24,"column":50}},"13":{"start":{"line":3,"column":0},"end":{"line":3,"column":13}},"14":{"start":{"line":29,"column":2},"end":{"line":29,"column":29}}},"fnMap":{"0":{"name":"(anonymous_0)","decl":{"start":{"line":3,"column":0},"end":{"line":3,"column":13}},"loc":{"start":{"line":3,"column":0},"end":{"line":26,"column":1}}},"1":{"name":"(anonymous_1)","decl":{"start":{"line":7,"column":2},"end":{"line":7,"column":10}},"loc":{"start":{"line":7,"column":10},"end":{"line":10,"column":3}}},"2":{"name":"(anonymous_2)","decl":{"start":{"line":12,"column":2},"end":{"line":12,"column":13}},"loc":{"start":{"line":12,"column":29},"end":{"line":15,"column":3}}},"3":{"name":"(anonymous_3)","decl":{"start":{"line":17,"column":2},"end":{"line":17,"column":10}},"loc":{"start":{"line":17,"column":21},"end":{"line":25,"column":3}}},"4":{"name":"date","decl":{"start":{"line":28,"column":16},"end":{"line":28,"column":20}},"loc":{"start":{"line":28,"column":20},"end":{"line":30,"column":1}}}},"branchMap":{"0":{"loc":{"start":{"line":19,"column":4},"end":{"line":23,"column":5}},"type":"if","locations":[{"start":{"line":19,"column":4},"end":{"line":23,"column":5}},{"start":{"line":21,"column":11},"end":{"line":23,"column":5}}]},"1":{"loc":{"start":{"line":19,"column":8},"end":{"line":19,"column":45}},"type":"binary-expr","locations":[{"start":{"line":19,"column":8},"end":{"line":19,"column":27}},{"start":{"line":19,"column":31},"end":{"line":19,"column":45}}]},"2":{"loc":{"start":{"line":20,"column":6},"end":{"line":20,"column":79}},"type":"if","locations":[{"start":{"line":20,"column":6},"end":{"line":20,"column":79}}]},"3":{"loc":{"start":{"line":20,"column":41},"end":{"line":20,"column":77}},"type":"binary-expr","locations":[{"start":{"line":20,"column":41},"end":{"line":20,"column":54}},{"start":{"line":20,"column":58},"end":{"line":20,"column":77}}]},"4":{"loc":{"start":{"line":21,"column":11},"end":{"line":23,"column":5}},"type":"if","locations":[{"start":{"line":21,"column":11},"end":{"line":23,"column":5}}]},"5":{"loc":{"start":{"line":21,"column":15},"end":{"line":21,"column":65}},"type":"binary-expr","locations":[{"start":{"line":21,"column":15},"end":{"line":21,"column":39}},{"start":{"line":21,"column":43},"end":{"line":21,"column":65}}]},"6":{"loc":{"start":{"line":22,"column":18},"end":{"line":22,"column":63}},"type":"binary-expr","locations":[{"start":{"line":22,"column":18},"end":{"line":22,"column":31}},{"start":{"line":22,"column":35},"end":{"line":22,"column":63}}]}},"s":{"0":7,"1":19,"2":6,"3":6,"4":3,"5":3,"6":25,"7":25,"8":8,"9":3,"10":17,"11":10,"12":25,"13":7,"14":19},"f":{"0":19,"1":6,"2":3,"3":25,"4":19},"b":{"0":[8,17],"1":[25,21],"2":[3],"3":[3,2],"4":[10],"5":[17,9],"6":[10,8]}}
,"D:\\Projects\\AI\\task8\\src\\validators\\number.ts": {"path":"D:\\Projects\\AI\\task8\\src\\validators\\number.ts","statementMap":{"0":{"start":{"line":56,"column":0},"end":{"line":56,"column":16}},"1":{"start":{"line":4,"column":10},"end":{"line":4,"column":30}},"2":{"start":{"line":7,"column":10},"end":{"line":7,"column":29}},"3":{"start":{"line":11,"column":4},"end":{"line":11,"column":28}},"4":{"start":{"line":12,"column":4},"end":{"line":12,"column":16}},"5":{"start":{"line":16,"column":4},"end":{"line":16,"column":20}},"6":{"start":{"line":17,"column":4},"end":{"line":17,"column":16}},"7":{"start":{"line":21,"column":4},"end":{"line":21,"column":20}},"8":{"start":{"line":22,"column":4},"end":{"line":22,"column":16}},"9":{"start":{"line":26,"column":4},"end":{"line":26,"column":27}},"10":{"start":{"line":27,"column":4},"end":{"line":27,"column":16}},"11":{"start":{"line":31,"column":4},"end":{"line":31,"column":28}},"12":{"start":{"line":32,"column":4},"end":{"line":32,"column":16}},"13":{"start":{"line":36,"column":29},"end":{"line":36,"column":31}},"14":{"start":{"line":37,"column":4},"end":{"line":51,"column":5}},"15":{"start":{"line":38,"column":6},"end":{"line":38,"column":79}},"16":{"start":{"line":38,"column":29},"end":{"line":38,"column":79}},"17":{"start":{"line":39,"column":11},"end":{"line":51,"column":5}},"18":{"start":{"line":40,"column":6},"end":{"line":40,"column":61}},"19":{"start":{"line":42,"column":6},"end":{"line":44,"column":7}},"20":{"start":{"line":43,"column":8},"end":{"line":43,"column":70}},"21":{"start":{"line":45,"column":6},"end":{"line":47,"column":7}},"22":{"start":{"line":46,"column":8},"end":{"line":46,"column":75}},"23":{"start":{"line":48,"column":6},"end":{"line":50,"column":7}},"24":{"start":{"line":49,"column":8},"end":{"line":49,"column":65}},"25":{"start":{"line":52,"column":4},"end":{"line":52,"column":50}},"26":{"start":{"line":3,"column":0},"end":{"line":3,"column":13}},"27":{"start":{"line":57,"column":2},"end":{"line":57,"column":31}}},"fnMap":{"0":{"name":"(anonymous_0)","decl":{"start":{"line":3,"column":0},"end":{"line":3,"column":13}},"loc":{"start":{"line":3,"column":0},"end":{"line":54,"column":1}}},"1":{"name":"(anonymous_1)","decl":{"start":{"line":10,"column":2},"end":{"line":10,"column":10}},"loc":{"start":{"line":10,"column":10},"end":{"line":13,"column":3}}},"2":{"name":"(anonymous_2)","decl":{"start":{"line":15,"column":2},"end":{"line":15,"column":5}},"loc":{"start":{"line":15,"column":17},"end":{"line":18,"column":3}}},"3":{"name":"(anonymous_3)","decl":{"start":{"line":20,"column":2},"end":{"line":20,"column":5}},"loc":{"start":{"line":20,"column":17},"end":{"line":23,"column":3}}},"4":{"name":"(anonymous_4)","decl":{"start":{"line":25,"column":2},"end":{"line":25,"column":9}},"loc":{"start":{"line":25,"column":9},"end":{"line":28,"column":3}}},"5":{"name":"(anonymous_5)","decl":{"start":{"line":30,"column":2},"end":{"line":30,"column":13}},"loc":{"start":{"line":30,"column":29},"end":{"line":33,"column":3}}},"6":{"name":"(anonymous_6)","decl":{"start":{"line":35,"column":2},"end":{"line":35,"column":10}},"loc":{"start":{"line":35,"column":21},"end":{"line":53,"column":3}}},"7":{"name":"number","decl":{"start":{"line":56,"column":16},"end":{"line":56,"column":22}},"loc":{"start":{"line":56,"column":22},"end":{"line":58,"column":1}}}},"branchMap":{"0":{"loc":{"start":{"line":37,"column":4},"end":{"line":51,"column":5}},"type":"if","locations":[{"start":{"line":37,"column":4},"end":{"line":51,"column":5}},{"start":{"line":39,"column":11},"end":{"line":51,"column":5}}]},"1":{"loc":{"start":{"line":37,"column":8},"end":{"line":37,"column":45}},"type":"binary-expr","locations":[{"start":{"line":37,"column":8},"end":{"line":37,"column":27}},{"start":{"line":37,"column":31},"end":{"line":37,"column":45}}]},"2":{"loc":{"start":{"line":38,"column":6},"end":{"line":38,"column":79}},"type":"if","locations":[{"start":{"line":38,"column":6},"end":{"line":38,"column":79}}]},"3":{"loc":{"start":{"line":38,"column":41},"end":{"line":38,"column":77}},"type":"binary-expr","locations":[{"start":{"line":38,"column":41},"end":{"line":38,"column":54}},{"start":{"line":38,"column":58},"end":{"line":38,"column":77}}]},"4":{"loc":{"start":{"line":39,"column":11},"end":{"line":51,"column":5}},"type":"if","locations":[{"start":{"line":39,"column":11},"end":{"line":51,"column":5}},{"start":{"line":41,"column":11},"end":{"line":51,"column":5}}]},"5":{"loc":{"start":{"line":39,"column":15},"end":{"line":39,"column":56}},"type":"binary-expr","locations":[{"start":{"line":39,"column":15},"end":{"line":39,"column":40}},{"start":{"line":39,"column":44},"end":{"line":39,"column":56}}]},"6":{"loc":{"start":{"line":40,"column":18},"end":{"line":40,"column":59}},"type":"binary-expr","locations":[{"start":{"line":40,"column":18},"end":{"line":40,"column":31}},{"start":{"line":40,"column":35},"end":{"line":40,"column":59}}]},"7":{"loc":{"start":{"line":42,"column":6},"end":{"line":44,"column":7}},"type":"if","locations":[{"start":{"line":42,"column":6},"end":{"line":44,"column":7}}]},"8":{"loc":{"start":{"line":42,"column":10},"end":{"line":42,"column":54}},"type":"binary-expr","locations":[{"start":{"line":42,"column":10},"end":{"line":42,"column":33}},{"start":{"line":42,"column":37},"end":{"line":42,"column":54}}]},"9":{"loc":{"start":{"line":43,"column":20},"end":{"line":43,"column":68}},"type":"binary-expr","locations":[{"start":{"line":43,"column":20},"end":{"line":43,"column":33}},{"start":{"line":43,"column":37},"end":{"line":43,"column":68}}]},"10":{"loc":{"start":{"line":45,"column":6},"end":{"line":47,"column":7}},"type":"if","locations":[{"start":{"line":45,"column":6},"end":{"line":47,"column":7}}]},"11":{"loc":{"start":{"line":45,"column":10},"end":{"line":45,"column":54}},"type":"binary-expr","locations":[{"start":{"line":45,"column":10},"end":{"line":45,"column":33}},{"start":{"line":45,"column":37},"end":{"line":45,"column":54}}]},"12":{"loc":{"start":{"line":46,"column":20},"end":{"line":46,"column":73}},"type":"binary-expr","locations":[{"start":{"line":46,"column":20},"end":{"line":46,"column":33}},{"start":{"line":46,"column":37},"end":{"line":46,"column":73}}]},"13":{"loc":{"start":{"line":48,"column":6},"end":{"line":50,"column":7}},"type":"if","locations":[{"start":{"line":48,"column":6},"end":{"line":50,"column":7}}]},"14":{"loc":{"start":{"line":48,"column":10},"end":{"line":48,"column":53}},"type":"binary-expr","locations":[{"start":{"line":48,"column":10},"end":{"line":48,"column":25}},{"start":{"line":48,"column":29},"end":{"line":48,"column":53}}]},"15":{"loc":{"start":{"line":49,"column":20},"end":{"line":49,"column":63}},"type":"binary-expr","locations":[{"start":{"line":49,"column":20},"end":{"line":49,"column":33}},{"start":{"line":49,"column":37},"end":{"line":49,"column":63}}]}},"s":{"0":7,"1":49,"2":49,"3":5,"4":5,"5":14,"6":14,"7":9,"8":9,"9":6,"10":6,"11":2,"12":2,"13":81,"14":81,"15":11,"16":6,"17":70,"18":11,"19":59,"20":9,"21":59,"22":6,"23":59,"24":4,"25":81,"26":7,"27":15},"f":{"0":49,"1":5,"2":14,"3":9,"4":6,"5":2,"6":81,"7":15},"b":{"0":[11,70],"1":[81,74],"2":[6],"3":[6,6],"4":[11,59],"5":[70,61],"6":[11,10],"7":[9],"8":[59,37],"9":[9,8],"10":[6],"11":[59,20],"12":[6,6],"13":[4],"14":[59,12],"15":[4,4]}}
,"D:\\Projects\\AI\\task8\\src\\validators\\object.ts": {"path":"D:\\Projects\\AI\\task8\\src\\validators\\object.ts","statementMap":{"0":{"start":{"line":43,"column":0},"end":{"line":43,"column":16}},"1":{"start":{"line":6,"column":10},"end":{"line":6,"column":30}},"2":{"start":{"line":11,"column":4},"end":{"line":11,"column":24}},"3":{"start":{"line":15,"column":4},"end":{"line":15,"column":28}},"4":{"start":{"line":16,"column":4},"end":{"line":16,"column":16}},"5":{"start":{"line":20,"column":4},"end":{"line":20,"column":28}},"6":{"start":{"line":21,"column":4},"end":{"line":21,"column":16}},"7":{"start":{"line":25,"column":29},"end":{"line":25,"column":31}},"8":{"start":{"line":26,"column":4},"end":{"line":38,"column":5}},"9":{"start":{"line":27,"column":6},"end":{"line":27,"column":79}},"10":{"start":{"line":27,"column":29},"end":{"line":27,"column":79}},"11":{"start":{"line":28,"column":11},"end":{"line":38,"column":5}},"12":{"start":{"line":29,"column":6},"end":{"line":29,"column":62}},"13":{"start":{"line":31,"column":6},"end":{"line":37,"column":7}},"14":{"start":{"line":32,"column":26},"end":{"line":32,"column":42}},"15":{"start":{"line":33,"column":23},"end":{"line":33,"column":53}},"16":{"start":{"line":34,"column":8},"end":{"line":36,"column":9}},"17":{"start":{"line":35,"column":10},"end":{"line":35,"column":65}},"18":{"start":{"line":35,"column":48},"end":{"line":35,"column":62}},"19":{"start":{"line":39,"column":4},"end":{"line":39,"column":50}},"20":{"start":{"line":5,"column":0},"end":{"line":5,"column":13}},"21":{"start":{"line":44,"column":2},"end":{"line":44,"column":36}}},"fnMap":{"0":{"name":"(anonymous_0)","decl":{"start":{"line":10,"column":2},"end":{"line":10,"column":14}},"loc":{"start":{"line":10,"column":32},"end":{"line":12,"column":3}}},"1":{"name":"(anonymous_1)","decl":{"start":{"line":14,"column":2},"end":{"line":14,"column":10}},"loc":{"start":{"line":14,"column":10},"end":{"line":17,"column":3}}},"2":{"name":"(anonymous_2)","decl":{"start":{"line":19,"column":2},"end":{"line":19,"column":13}},"loc":{"start":{"line":19,"column":29},"end":{"line":22,"column":3}}},"3":{"name":"(anonymous_3)","decl":{"start":{"line":24,"column":2},"end":{"line":24,"column":10}},"loc":{"start":{"line":24,"column":21},"end":{"line":40,"column":3}}},"4":{"name":"(anonymous_4)","decl":{"start":{"line":35,"column":43},"end":{"line":35,"column":44}},"loc":{"start":{"line":35,"column":48},"end":{"line":35,"column":62}}},"5":{"name":"object","decl":{"start":{"line":43,"column":16},"end":{"line":43,"column":22}},"loc":{"start":{"line":43,"column":41},"end":{"line":45,"column":1}}}},"branchMap":{"0":{"loc":{"start":{"line":26,"column":4},"end":{"line":38,"column":5}},"type":"if","locations":[{"start":{"line":26,"column":4},"end":{"line":38,"column":5}},{"start":{"line":28,"column":11},"end":{"line":38,"column":5}}]},"1":{"loc":{"start":{"line":26,"column":8},"end":{"line":26,"column":45}},"type":"binary-expr","locations":[{"start":{"line":26,"column":8},"end":{"line":26,"column":27}},{"start":{"line":26,"column":31},"end":{"line":26,"column":45}}]},"2":{"loc":{"start":{"line":27,"column":6},"end":{"line":27,"column":79}},"type":"if","locations":[{"start":{"line":27,"column":6},"end":{"line":27,"column":79}}]},"3":{"loc":{"start":{"line":27,"column":41},"end":{"line":27,"column":77}},"type":"binary-expr","locations":[{"start":{"line":27,"column":41},"end":{"line":27,"column":54}},{"start":{"line":27,"column":58},"end":{"line":27,"column":77}}]},"4":{"loc":{"start":{"line":28,"column":11},"end":{"line":38,"column":5}},"type":"if","locations":[{"start":{"line":28,"column":11},"end":{"line":38,"column":5}},{"start":{"line":30,"column":11},"end":{"line":38,"column":5}}]},"5":{"loc":{"start":{"line":28,"column":15},"end":{"line":28,"column":64}},"type":"binary-expr","locations":[{"start":{"line":28,"column":15},"end":{"line":28,"column":40}},{"start":{"line":28,"column":44},"end":{"line":28,"column":64}}]},"6":{"loc":{"start":{"line":29,"column":18},"end":{"line":29,"column":60}},"type":"binary-expr","locations":[{"start":{"line":29,"column":18},"end":{"line":29,"column":31}},{"start":{"line":29,"column":35},"end":{"line":29,"column":60}}]},"7":{"loc":{"start":{"line":34,"column":8},"end":{"line":36,"column":9}},"type":"if","locations":[{"start":{"line":34,"column":8},"end":{"line":36,"column":9}}]}},"s":{"0":7,"1":17,"2":17,"3":2,"4":2,"5":3,"6":3,"7":29,"8":29,"9":6,"10":2,"11":23,"12":4,"13":19,"14":32,"15":32,"16":32,"17":13,"18":14,"19":29,"20":7,"21":15},"f":{"0":17,"1":2,"2":3,"3":29,"4":14,"5":15},"b":{"0":[6,23],"1":[29,26],"2":[2],"3":[2,0],"4":[4,19],"5":[23,20],"6":[4,3],"7":[13]}}
,"D:\\Projects\\AI\\task8\\src\\validators\\schema.ts": {"path":"D:\\Projects\\AI\\task8\\src\\validators\\schema.ts","statementMap":{"0":{"start":{"line":2,"column":0},"end":{"line":2,"column":43}},"1":{"start":{"line":3,"column":0},"end":{"line":3,"column":43}},"2":{"start":{"line":4,"column":0},"end":{"line":4,"column":45}},"3":{"start":{"line":5,"column":0},"end":{"line":5,"column":39}},"4":{"start":{"line":6,"column":0},"end":{"line":6,"column":43}},"5":{"start":{"line":7,"column":0},"end":{"line":7,"column":41}},"6":{"start":{"line":9,"column":13},"end":{"line":16,"column":2}},"7":{"start":{"line":10,"column":16},"end":{"line":10,"column":37}},"8":{"start":{"line":11,"column":16},"end":{"line":11,"column":37}},"9":{"start":{"line":12,"column":17},"end":{"line":12,"column":39}},"10":{"start":{"line":13,"column":14},"end":{"line":13,"column":33}},"11":{"start":{"line":14,"column":53},"end":{"line":14,"column":79}},"12":{"start":{"line":15,"column":40},"end":{"line":15,"column":69}}},"fnMap":{"0":{"name":"(anonymous_0)","decl":{"start":{"line":10,"column":10},"end":{"line":10,"column":13}},"loc":{"start":{"line":10,"column":16},"end":{"line":10,"column":37}}},"1":{"name":"(anonymous_1)","decl":{"start":{"line":11,"column":10},"end":{"line":11,"column":13}},"loc":{"start":{"line":11,"column":16},"end":{"line":11,"column":37}}},"2":{"name":"(anonymous_2)","decl":{"start":{"line":12,"column":11},"end":{"line":12,"column":14}},"loc":{"start":{"line":12,"column":17},"end":{"line":12,"column":39}}},"3":{"name":"(anonymous_3)","decl":{"start":{"line":13,"column":8},"end":{"line":13,"column":11}},"loc":{"start":{"line":13,"column":14},"end":{"line":13,"column":33}}},"4":{"name":"(anonymous_4)","decl":{"start":{"line":14,"column":10},"end":{"line":14,"column":11}},"loc":{"start":{"line":14,"column":53},"end":{"line":14,"column":79}}},"5":{"name":"(anonymous_5)","decl":{"start":{"line":15,"column":9},"end":{"line":15,"column":10}},"loc":{"start":{"line":15,"column":40},"end":{"line":15,"column":69}}}},"branchMap":{},"s":{"0":2,"1":2,"2":2,"3":2,"4":2,"5":2,"6":2,"7":7,"8":34,"9":3,"10":0,"11":2,"12":2},"f":{"0":7,"1":34,"2":3,"3":0,"4":2,"5":2},"b":{}}
,"D:\\Projects\\AI\\task8\\src\\validators\\string.ts": {"path":"D:\\Projects\\AI\\task8\\src\\validators\\string.ts","statementMap":{"0":{"start":{"line":38,"column":0},"end":{"line":38,"column":16}},"1":{"start":{"line":4,"column":10},"end":{"line":4,"column":30}},"2":{"start":{"line":9,"column":4},"end":{"line":9,"column":28}},"3":{"start":{"line":10,"column":4},"end":{"line":10,"column":16}},"4":{"start":{"line":14,"column":4},"end":{"line":14,"column":29}},"5":{"start":{"line":15,"column":4},"end":{"line":15,"column":16}},"6":{"start":{"line":19,"column":4},"end":{"line":19,"column":28}},"7":{"start":{"line":20,"column":4},"end":{"line":20,"column":16}},"8":{"start":{"line":24,"column":29},"end":{"line":24,"column":31}},"9":{"start":{"line":25,"column":4},"end":{"line":33,"column":5}},"10":{"start":{"line":26,"column":6},"end":{"line":26,"column":79}},"11":{"start":{"line":26,"column":29},"end":{"line":26,"column":79}},"12":{"start":{"line":27,"column":11},"end":{"line":33,"column":5}},"13":{"start":{"line":28,"column":6},"end":{"line":28,"column":61}},"14":{"start":{"line":30,"column":6},"end":{"line":32,"column":7}},"15":{"start":{"line":31,"column":8},"end":{"line":31,"column":77}},"16":{"start":{"line":34,"column":4},"end":{"line":34,"column":50}},"17":{"start":{"line":3,"column":0},"end":{"line":3,"column":13}},"18":{"start":{"line":39,"column":2},"end":{"line":39,"column":31}}},"fnMap":{"0":{"name":"(anonymous_0)","decl":{"start":{"line":3,"column":0},"end":{"line":3,"column":13}},"loc":{"start":{"line":3,"column":0},"end":{"line":36,"column":1}}},"1":{"name":"(anonymous_1)","decl":{"start":{"line":8,"column":2},"end":{"line":8,"column":10}},"loc":{"start":{"line":8,"column":10},"end":{"line":11,"column":3}}},"2":{"name":"(anonymous_2)","decl":{"start":{"line":13,"column":2},"end":{"line":13,"column":11}},"loc":{"start":{"line":13,"column":26},"end":{"line":16,"column":3}}},"3":{"name":"(anonymous_3)","decl":{"start":{"line":18,"column":2},"end":{"line":18,"column":13}},"loc":{"start":{"line":18,"column":29},"end":{"line":21,"column":3}}},"4":{"name":"(anonymous_4)","decl":{"start":{"line":23,"column":2},"end":{"line":23,"column":10}},"loc":{"start":{"line":23,"column":21},"end":{"line":35,"column":3}}},"5":{"name":"string","decl":{"start":{"line":38,"column":16},"end":{"line":38,"column":22}},"loc":{"start":{"line":38,"column":22},"end":{"line":40,"column":1}}}},"branchMap":{"0":{"loc":{"start":{"line":25,"column":4},"end":{"line":33,"column":5}},"type":"if","locations":[{"start":{"line":25,"column":4},"end":{"line":33,"column":5}},{"start":{"line":27,"column":11},"end":{"line":33,"column":5}}]},"1":{"loc":{"start":{"line":25,"column":8},"end":{"line":25,"column":45}},"type":"binary-expr","locations":[{"start":{"line":25,"column":8},"end":{"line":25,"column":27}},{"start":{"line":25,"column":31},"end":{"line":25,"column":45}}]},"2":{"loc":{"start":{"line":26,"column":6},"end":{"line":26,"column":79}},"type":"if","locations":[{"start":{"line":26,"column":6},"end":{"line":26,"column":79}}]},"3":{"loc":{"start":{"line":26,"column":41},"end":{"line":26,"column":77}},"type":"binary-expr","locations":[{"start":{"line":26,"column":41},"end":{"line":26,"column":54}},{"start":{"line":26,"column":58},"end":{"line":26,"column":77}}]},"4":{"loc":{"start":{"line":27,"column":11},"end":{"line":33,"column":5}},"type":"if","locations":[{"start":{"line":27,"column":11},"end":{"line":33,"column":5}},{"start":{"line":29,"column":11},"end":{"line":33,"column":5}}]},"5":{"loc":{"start":{"line":28,"column":18},"end":{"line":28,"column":59}},"type":"binary-expr","locations":[{"start":{"line":28,"column":18},"end":{"line":28,"column":31}},{"start":{"line":28,"column":35},"end":{"line":28,"column":59}}]},"6":{"loc":{"start":{"line":30,"column":6},"end":{"line":32,"column":7}},"type":"if","locations":[{"start":{"line":30,"column":6},"end":{"line":32,"column":7}}]},"7":{"loc":{"start":{"line":30,"column":10},"end":{"line":30,"column":73}},"type":"binary-expr","locations":[{"start":{"line":30,"column":10},"end":{"line":30,"column":39}},{"start":{"line":30,"column":43},"end":{"line":30,"column":73}}]},"8":{"loc":{"start":{"line":31,"column":20},"end":{"line":31,"column":75}},"type":"binary-expr","locations":[{"start":{"line":31,"column":20},"end":{"line":31,"column":33}},{"start":{"line":31,"column":37},"end":{"line":31,"column":75}}]}},"s":{"0":7,"1":30,"2":2,"3":2,"4":4,"5":4,"6":2,"7":2,"8":39,"9":39,"10":6,"11":4,"12":33,"13":10,"14":23,"15":3,"16":39,"17":7,"18":23},"f":{"0":30,"1":2,"2":4,"3":2,"4":39,"5":23},"b":{"0":[6,33],"1":[39,36],"2":[4],"3":[4,3],"4":[10,23],"5":[10,9],"6":[3],"7":[23,6],"8":[3,2]}}
}
