TN:
SF:src\schema.ts
FNF:0
FNH:0
DA:1,5
DA:2,5
DA:3,5
DA:4,5
DA:5,5
DA:6,5
DA:8,5
DA:17,5
LF:8
LH:8
BRF:0
BRH:0
end_of_record
TN:
SF:src\validators\array.ts
FN:8,(anonymous_0)
FN:12,(anonymous_1)
FN:17,(anonymous_2)
FN:22,(anonymous_3)
FN:29,(anonymous_4)
FN:32,(anonymous_5)
FN:40,array
FNF:7
FNH:7
FNDA:11,(anonymous_0)
FNDA:1,(anonymous_1)
FNDA:1,(anonymous_2)
FNDA:20,(anonymous_3)
FNDA:22,(anonymous_4)
FNDA:4,(anonymous_5)
FNDA:9,array
DA:3,7
DA:4,11
DA:9,11
DA:13,1
DA:14,1
DA:18,1
DA:19,1
DA:23,20
DA:24,20
DA:25,5
DA:26,15
DA:27,4
DA:29,11
DA:30,22
DA:31,22
DA:32,4
DA:36,20
DA:40,7
DA:41,9
LF:19
LH:19
BRDA:24,0,0,5
BRDA:24,0,1,15
BRDA:24,1,0,20
BRDA:24,1,1,18
BRDA:25,2,0,3
BRDA:25,3,0,3
BRDA:25,3,1,2
BRDA:26,4,0,4
BRDA:26,4,1,11
BRDA:27,5,0,4
BRDA:27,5,1,3
BRDA:31,6,0,4
BRF:12
BRH:12
end_of_record
TN:
SF:src\validators\boolean.ts
FN:3,(anonymous_0)
FN:7,(anonymous_1)
FN:12,(anonymous_2)
FN:17,(anonymous_3)
FN:28,boolean
FNF:5
FNH:5
FNDA:15,(anonymous_0)
FNDA:2,(anonymous_1)
FNDA:1,(anonymous_2)
FNDA:18,(anonymous_3)
FNDA:12,boolean
DA:3,7
DA:4,15
DA:8,2
DA:9,2
DA:13,1
DA:14,1
DA:18,18
DA:19,18
DA:20,5
DA:21,13
DA:22,7
DA:24,18
DA:28,7
DA:29,12
LF:14
LH:14
BRDA:19,0,0,5
BRDA:19,0,1,13
BRDA:19,1,0,18
BRDA:19,1,1,16
BRDA:20,2,0,3
BRDA:20,3,0,3
BRDA:20,3,1,2
BRDA:21,4,0,7
BRDA:22,5,0,7
BRDA:22,5,1,6
BRF:10
BRH:10
end_of_record
TN:
SF:src\validators\date.ts
FN:3,(anonymous_0)
FN:7,(anonymous_1)
FN:12,(anonymous_2)
FN:17,(anonymous_3)
FN:28,date
FNF:5
FNH:5
FNDA:19,(anonymous_0)
FNDA:6,(anonymous_1)
FNDA:3,(anonymous_2)
FNDA:25,(anonymous_3)
FNDA:19,date
DA:3,7
DA:4,19
DA:8,6
DA:9,6
DA:13,3
DA:14,3
DA:18,25
DA:19,25
DA:20,8
DA:21,17
DA:22,10
DA:24,25
DA:28,7
DA:29,19
LF:14
LH:14
BRDA:19,0,0,8
BRDA:19,0,1,17
BRDA:19,1,0,25
BRDA:19,1,1,21
BRDA:20,2,0,3
BRDA:20,3,0,3
BRDA:20,3,1,2
BRDA:21,4,0,10
BRDA:21,5,0,17
BRDA:21,5,1,9
BRDA:22,6,0,10
BRDA:22,6,1,8
BRF:12
BRH:12
end_of_record
TN:
SF:src\validators\number.ts
FN:3,(anonymous_0)
FN:10,(anonymous_1)
FN:15,(anonymous_2)
FN:20,(anonymous_3)
FN:25,(anonymous_4)
FN:30,(anonymous_5)
FN:35,(anonymous_6)
FN:56,number
FNF:8
FNH:8
FNDA:49,(anonymous_0)
FNDA:5,(anonymous_1)
FNDA:14,(anonymous_2)
FNDA:9,(anonymous_3)
FNDA:6,(anonymous_4)
FNDA:2,(anonymous_5)
FNDA:81,(anonymous_6)
FNDA:15,number
DA:3,7
DA:4,49
DA:7,49
DA:11,5
DA:12,5
DA:16,14
DA:17,14
DA:21,9
DA:22,9
DA:26,6
DA:27,6
DA:31,2
DA:32,2
DA:36,81
DA:37,81
DA:38,11
DA:39,70
DA:40,11
DA:42,59
DA:43,9
DA:45,59
DA:46,6
DA:48,59
DA:49,4
DA:52,81
DA:56,7
DA:57,15
LF:27
LH:27
BRDA:37,0,0,11
BRDA:37,0,1,70
BRDA:37,1,0,81
BRDA:37,1,1,74
BRDA:38,2,0,6
BRDA:38,3,0,6
BRDA:38,3,1,6
BRDA:39,4,0,11
BRDA:39,4,1,59
BRDA:39,5,0,70
BRDA:39,5,1,61
BRDA:40,6,0,11
BRDA:40,6,1,10
BRDA:42,7,0,9
BRDA:42,8,0,59
BRDA:42,8,1,37
BRDA:43,9,0,9
BRDA:43,9,1,8
BRDA:45,10,0,6
BRDA:45,11,0,59
BRDA:45,11,1,20
BRDA:46,12,0,6
BRDA:46,12,1,6
BRDA:48,13,0,4
BRDA:48,14,0,59
BRDA:48,14,1,12
BRDA:49,15,0,4
BRDA:49,15,1,4
BRF:28
BRH:28
end_of_record
TN:
SF:src\validators\object.ts
FN:10,(anonymous_0)
FN:14,(anonymous_1)
FN:19,(anonymous_2)
FN:24,(anonymous_3)
FN:35,(anonymous_4)
FN:43,object
FNF:6
FNH:6
FNDA:17,(anonymous_0)
FNDA:2,(anonymous_1)
FNDA:3,(anonymous_2)
FNDA:29,(anonymous_3)
FNDA:14,(anonymous_4)
FNDA:15,object
DA:5,7
DA:6,17
DA:11,17
DA:15,2
DA:16,2
DA:20,3
DA:21,3
DA:25,29
DA:26,29
DA:27,6
DA:28,23
DA:29,4
DA:31,19
DA:32,32
DA:33,32
DA:34,32
DA:35,14
DA:39,29
DA:43,7
DA:44,15
LF:20
LH:20
BRDA:26,0,0,6
BRDA:26,0,1,23
BRDA:26,1,0,29
BRDA:26,1,1,26
BRDA:27,2,0,2
BRDA:27,3,0,2
BRDA:27,3,1,0
BRDA:28,4,0,4
BRDA:28,4,1,19
BRDA:28,5,0,23
BRDA:28,5,1,20
BRDA:29,6,0,4
BRDA:29,6,1,3
BRDA:34,7,0,13
BRF:14
BRH:13
end_of_record
TN:
SF:src\validators\schema.ts
FN:10,(anonymous_0)
FN:11,(anonymous_1)
FN:12,(anonymous_2)
FN:13,(anonymous_3)
FN:14,(anonymous_4)
FN:15,(anonymous_5)
FNF:6
FNH:5
FNDA:7,(anonymous_0)
FNDA:34,(anonymous_1)
FNDA:3,(anonymous_2)
FNDA:0,(anonymous_3)
FNDA:2,(anonymous_4)
FNDA:2,(anonymous_5)
DA:2,2
DA:3,2
DA:4,2
DA:5,2
DA:6,2
DA:7,2
DA:9,2
DA:10,7
DA:11,34
DA:12,3
DA:13,0
DA:14,2
DA:15,2
LF:13
LH:12
BRF:0
BRH:0
end_of_record
TN:
SF:src\validators\string.ts
FN:3,(anonymous_0)
FN:8,(anonymous_1)
FN:13,(anonymous_2)
FN:18,(anonymous_3)
FN:23,(anonymous_4)
FN:38,string
FNF:6
FNH:6
FNDA:30,(anonymous_0)
FNDA:2,(anonymous_1)
FNDA:4,(anonymous_2)
FNDA:2,(anonymous_3)
FNDA:39,(anonymous_4)
FNDA:23,string
DA:3,7
DA:4,30
DA:9,2
DA:10,2
DA:14,4
DA:15,4
DA:19,2
DA:20,2
DA:24,39
DA:25,39
DA:26,6
DA:27,33
DA:28,10
DA:30,23
DA:31,3
DA:34,39
DA:38,7
DA:39,23
LF:18
LH:18
BRDA:25,0,0,6
BRDA:25,0,1,33
BRDA:25,1,0,39
BRDA:25,1,1,36
BRDA:26,2,0,4
BRDA:26,3,0,4
BRDA:26,3,1,3
BRDA:27,4,0,10
BRDA:27,4,1,23
BRDA:28,5,0,10
BRDA:28,5,1,9
BRDA:30,6,0,3
BRDA:30,7,0,23
BRDA:30,7,1,6
BRDA:31,8,0,3
BRDA:31,8,1,2
BRF:16
BRH:16
end_of_record
